<?xml version="1.0" encoding="UTF-8"?>
<!-- Generated by org.testng.reporters.JUnitReportReporter -->
<testsuite hostname="Ranjeet-MacBook-Pro.local" failures="0" tests="5" name="testCases.TC04_LoginDDT" time="55.008" errors="0" timestamp="2025-01-27T11:12:43 IST" skipped="0">
  <testcase classname="testCases.TC04_LoginDDT" name="Verify_LoginSST" time="16.011"/>
  <testcase classname="testCases.TC04_LoginDDT" name="Verify_LoginSST" time="1.666"/>
  <testcase classname="testCases.TC04_LoginDDT" name="Verify_LoginSST" time="16.317"/>
  <testcase classname="testCases.TC04_LoginDDT" name="Verify_LoginSST" time="17.353"/>
  <testcase classname="testCases.TC04_LoginDDT" name="Verify_LoginSST" time="3.661"/>
</testsuite> <!-- testCases.TC04_LoginDDT -->
