<?xml version="1.0" encoding="UTF-8"?>
<!-- Generated by org.testng.reporters.JUnitReportReporter -->
<testsuite hostname="Ranjeet-MacBook-Pro.local" failures="0" tests="1" name="testCases.TC07_AddToCartTest" time="7.863" errors="0" timestamp="2025-01-27T11:12:43 IST" skipped="0">
  <testcase classname="testCases.TC07_AddToCartTest" name="testCartItemDetails" time="7.863"/>
</testsuite> <!-- testCases.TC07_AddToCartTest -->
