<?xml version="1.0" encoding="UTF-8"?>
<!-- Generated by org.testng.reporters.JUnitReportReporter -->
<testsuite hostname="Ranjeet-MacBook-Pro.local" failures="0" tests="3" name="testCases.TC03_SearchTest" time="3.652" errors="0" timestamp="2025-01-27T11:12:43 IST" skipped="0">
  <testcase classname="testCases.TC03_SearchTest" name="testSearchFunctionality" time="2.150"/>
  <testcase classname="testCases.TC03_SearchTest" name="testSearchFunctionality" time="0.822"/>
  <testcase classname="testCases.TC03_SearchTest" name="testSearchFunctionality" time="0.680"/>
</testsuite> <!-- testCases.TC03_SearchTest -->
