<?xml version="1.0" encoding="UTF-8"?>
<!-- Generated by org.testng.reporters.JUnitReportReporter -->
<testsuite hostname="Ranjeet-MacBook-Pro.local" failures="0" tests="1" name="testCases.TC06_testHoverAndClickAction" time="2.140" errors="0" timestamp="2025-01-27T11:12:43 IST" skipped="0">
  <testcase classname="testCases.TC06_testHoverAndClickAction" name="testHoverAndClick" time="2.140"/>
</testsuite> <!-- testCases.TC06_testHoverAndClickAction -->
