<?xml version="1.0" encoding="UTF-8"?>
<!-- Generated by org.testng.reporters.JUnitReportReporter -->
<testsuite hostname="MSI" failures="0" tests="2" name="testCases.TC01_AccountRegistrationTest" time="5.727" errors="0" timestamp="2025-01-28T17:05:26 IST" skipped="0">
  <testcase classname="testCases.TC01_AccountRegistrationTest" name="Verifry_Account_Registration" time="2.943"/>
  <system-out/>
  <testcase classname="testCases.TC01_AccountRegistrationTest" name="Verifry_Account_Registration" time="2.784"/>
  <system-out/>
</testsuite> <!-- testCases.TC01_AccountRegistrationTest -->
