<?xml version="1.0" encoding="UTF-8"?>
<!-- Generated by org.testng.reporters.JUnitReportReporter -->
<testsuite hostname="Ranjeet-MacBook-Pro.local" failures="0" tests="1" name="testCases.TC05_BrokenLink" time="40.244" errors="0" timestamp="2025-01-27T11:12:43 IST" skipped="0">
  <testcase classname="testCases.TC05_BrokenLink" name="validateBrokenLinks" time="40.244"/>
</testsuite> <!-- testCases.TC05_BrokenLink -->
